Started GET "/" for 127.0.0.1 at 2018-10-01 14:24:33 +0900

PG::ConnectionBad - could not connect to server: No such file or directory
	Is the server running locally and accepting
	connections on Unix domain socket "/tmp/.s.PGSQL.5432"?
:

Started POST "/__better_errors/5c6ee71d4c969d50/variables" for 127.0.0.1 at 2018-10-01 14:24:33 +0900
Started GET "/" for 127.0.0.1 at 2018-10-01 14:25:11 +0900

PG::ConnectionBad - FATAL:  database "tweeter_clone_development" does not exist
:

Started POST "/__better_errors/36096ac4c875799c/variables" for 127.0.0.1 at 2018-10-01 14:25:12 +0900
Migrating to CreateTweets (20180927085705)
Started GET "/" for 127.0.0.1 at 2018-10-01 14:25:56 +0900
Processing by TopController#index as HTML
  Rendering top/index.html.erb within layouts/application
  Rendered top/index.html.erb within layouts/application (213.7ms)
Completed 200 OK in 272ms (Views: 264.2ms | ActiveRecord: 0.0ms)


Started GET "/tweets/new" for 127.0.0.1 at 2018-10-01 14:26:01 +0900
Processing by TweetsController#new as HTML
  Rendering tweets/new.html.erb within layouts/application
  Rendered tweets/_form.html.erb (48.1ms)
  Rendered tweets/new.html.erb within layouts/application (52.2ms)
Completed 200 OK in 146ms (Views: 102.2ms | ActiveRecord: 8.3ms)


Started GET "/tweets" for 127.0.0.1 at 2018-10-01 14:26:02 +0900
Processing by TweetsController#index as HTML
  Rendering tweets/index.html.erb within layouts/application
  Rendered tweets/index.html.erb within layouts/application (8.9ms)
Completed 200 OK in 81ms (Views: 73.3ms | ActiveRecord: 1.6ms)


Started GET "/tweets/new" for 127.0.0.1 at 2018-10-01 14:26:04 +0900
Processing by TweetsController#new as HTML
  Rendering tweets/new.html.erb within layouts/application
  Rendered tweets/_form.html.erb (3.1ms)
  Rendered tweets/new.html.erb within layouts/application (8.6ms)
Completed 200 OK in 47ms (Views: 43.9ms | ActiveRecord: 0.0ms)


Started POST "/tweets/confirm" for 127.0.0.1 at 2018-10-01 14:26:07 +0900
Processing by TweetsController#confirm as HTML
  Parameters: {"utf8"=>"✓", "authenticity_token"=>"coahOYXgeYZQyWez7EdeaxqifDAZ1eAN4Jor+4QS9iFMu3zen/lqEfIxJk2UIKhuSLpWr6SBe54e1ne9oO7o1A==", "tweet"=>{"content"=>"test"}, "commit"=>"Create Tweet"}
  Rendering tweets/confirm.html.erb within layouts/application
  Rendered tweets/confirm.html.erb within layouts/application (3.5ms)
Completed 200 OK in 38ms (Views: 33.8ms | ActiveRecord: 0.0ms)


Started POST "/tweets" for 127.0.0.1 at 2018-10-01 14:26:10 +0900
Processing by TweetsController#create as HTML
  Parameters: {"utf8"=>"✓", "authenticity_token"=>"r0AfG9OwDWA4RfTFp5aEJ/utpqh0tGM5Hkkx6VKkQBSlD66Kf7q8Hmu3m6qJ/PZNZwmx3xSrnjlwHE/jTWOR0A==", "tweet"=>{"content"=>"test"}, "commit"=>"登録する"}
Redirected to http://localhost:3000/tweets
Completed 302 Found in 15ms (ActiveRecord: 8.0ms)


Started GET "/tweets" for 127.0.0.1 at 2018-10-01 14:26:10 +0900
Processing by TweetsController#index as HTML
  Rendering tweets/index.html.erb within layouts/application
  Rendered tweets/index.html.erb within layouts/application (6.0ms)
Completed 200 OK in 32ms (Views: 29.0ms | ActiveRecord: 0.9ms)


Started GET "/" for 127.0.0.1 at 2018-10-01 16:14:49 +0900
Processing by TopController#index as HTML
  Rendering top/index.html.erb within layouts/application
  Rendered top/index.html.erb within layouts/application (142.6ms)
Completed 200 OK in 200ms (Views: 192.3ms | ActiveRecord: 0.0ms)


Started GET "/tweets/new" for 127.0.0.1 at 2018-10-01 16:14:57 +0900
Processing by TweetsController#new as HTML
  Rendering tweets/new.html.erb within layouts/application
  Rendered tweets/_form.html.erb (13.1ms)
  Rendered tweets/new.html.erb within layouts/application (16.4ms)
Completed 200 OK in 85ms (Views: 53.9ms | ActiveRecord: 11.7ms)


Started POST "/tweets/confirm" for 127.0.0.1 at 2018-10-01 16:15:00 +0900
Processing by TweetsController#confirm as HTML
  Parameters: {"utf8"=>"✓", "authenticity_token"=>"N+wD+24WBUwNHIQWMLSThwJ9Sq7vCWkMdxWCwnXN1YUJ0d4cdA8W26/kxehI02WCUGVgMVJd8p+JWd6EUTHLcA==", "tweet"=>{"content"=>""}, "commit"=>"Create Tweet"}
  Rendering tweets/new.html.erb within layouts/application
  Rendered tweets/_form.html.erb (1.8ms)
  Rendered tweets/new.html.erb within layouts/application (3.8ms)
Completed 200 OK in 23ms (Views: 20.8ms | ActiveRecord: 0.0ms)


Started GET "/tweets/confirm" for 127.0.0.1 at 2018-10-01 16:18:28 +0900
  
ActionController::RoutingError (No route matches [GET] "/tweets/confirm"):
  
actionpack (5.1.6) lib/action_dispatch/middleware/debug_exceptions.rb:63:in `call'
web-console (3.7.0) lib/web_console/middleware.rb:135:in `call_app'
web-console (3.7.0) lib/web_console/middleware.rb:30:in `block in call'
web-console (3.7.0) lib/web_console/middleware.rb:20:in `catch'
web-console (3.7.0) lib/web_console/middleware.rb:20:in `call'
actionpack (5.1.6) lib/action_dispatch/middleware/show_exceptions.rb:31:in `call'
railties (5.1.6) lib/rails/rack/logger.rb:36:in `call_app'
railties (5.1.6) lib/rails/rack/logger.rb:24:in `block in call'
activesupport (5.1.6) lib/active_support/tagged_logging.rb:69:in `block in tagged'
activesupport (5.1.6) lib/active_support/tagged_logging.rb:26:in `tagged'
activesupport (5.1.6) lib/active_support/tagged_logging.rb:69:in `tagged'
railties (5.1.6) lib/rails/rack/logger.rb:24:in `call'
sprockets-rails (3.2.1) lib/sprockets/rails/quiet_assets.rb:13:in `call'
actionpack (5.1.6) lib/action_dispatch/middleware/remote_ip.rb:79:in `call'
actionpack (5.1.6) lib/action_dispatch/middleware/request_id.rb:25:in `call'
rack (2.0.5) lib/rack/method_override.rb:22:in `call'
rack (2.0.5) lib/rack/runtime.rb:22:in `call'
activesupport (5.1.6) lib/active_support/cache/strategy/local_cache_middleware.rb:27:in `call'
actionpack (5.1.6) lib/action_dispatch/middleware/executor.rb:12:in `call'
actionpack (5.1.6) lib/action_dispatch/middleware/static.rb:125:in `call'
rack (2.0.5) lib/rack/sendfile.rb:111:in `call'
railties (5.1.6) lib/rails/engine.rb:522:in `call'
puma (3.12.0) lib/puma/configuration.rb:225:in `call'
puma (3.12.0) lib/puma/server.rb:658:in `handle_request'
puma (3.12.0) lib/puma/server.rb:472:in `process_client'
puma (3.12.0) lib/puma/server.rb:332:in `block in run'
puma (3.12.0) lib/puma/thread_pool.rb:133:in `block in spawn_thread'
Started GET "/" for 127.0.0.1 at 2018-10-01 16:18:35 +0900
Processing by TopController#index as HTML
  Rendering top/index.html.erb within layouts/application
  Rendered top/index.html.erb within layouts/application (5.8ms)
Completed 200 OK in 82ms (Views: 75.8ms | ActiveRecord: 0.0ms)


Started GET "/" for 127.0.0.1 at 2018-10-01 16:18:35 +0900
Processing by TopController#index as HTML
  Rendering top/index.html.erb within layouts/application
  Rendered top/index.html.erb within layouts/application (3.5ms)
Completed 200 OK in 35ms (Views: 33.1ms | ActiveRecord: 0.0ms)


Started GET "/tweets/new" for 127.0.0.1 at 2018-10-01 16:18:38 +0900
Processing by TweetsController#new as HTML
  Rendering tweets/new.html.erb within layouts/application
  Rendered tweets/_form.html.erb (3.5ms)
  Rendered tweets/new.html.erb within layouts/application (7.2ms)
Completed 200 OK in 42ms (Views: 37.0ms | ActiveRecord: 0.0ms)


Started POST "/tweets/confirm" for 127.0.0.1 at 2018-10-01 16:18:40 +0900
Processing by TweetsController#confirm as HTML
  Parameters: {"utf8"=>"✓", "authenticity_token"=>"pGAHmIH2ctQPS6cR0M5KfUeXqyTDzcR3o50bjWI/RWyaXdp/m+9hQ62z5u+oqbx4FY+Bu36ZX+Rd0UfLRsNbmQ==", "tweet"=>{"content"=>""}, "commit"=>"Create Tweet"}
  Rendering tweets/new.html.erb within layouts/application
  Rendered tweets/_form.html.erb (2.9ms)
  Rendered tweets/new.html.erb within layouts/application (5.3ms)
Completed 200 OK in 39ms (Views: 35.5ms | ActiveRecord: 0.0ms)


Started GET "/tweets/confirm" for 127.0.0.1 at 2018-10-01 16:18:49 +0900
  
ActionController::RoutingError (No route matches [GET] "/tweets/confirm"):
  
actionpack (5.1.6) lib/action_dispatch/middleware/debug_exceptions.rb:63:in `call'
web-console (3.7.0) lib/web_console/middleware.rb:135:in `call_app'
web-console (3.7.0) lib/web_console/middleware.rb:30:in `block in call'
web-console (3.7.0) lib/web_console/middleware.rb:20:in `catch'
web-console (3.7.0) lib/web_console/middleware.rb:20:in `call'
actionpack (5.1.6) lib/action_dispatch/middleware/show_exceptions.rb:31:in `call'
railties (5.1.6) lib/rails/rack/logger.rb:36:in `call_app'
railties (5.1.6) lib/rails/rack/logger.rb:24:in `block in call'
activesupport (5.1.6) lib/active_support/tagged_logging.rb:69:in `block in tagged'
activesupport (5.1.6) lib/active_support/tagged_logging.rb:26:in `tagged'
activesupport (5.1.6) lib/active_support/tagged_logging.rb:69:in `tagged'
railties (5.1.6) lib/rails/rack/logger.rb:24:in `call'
sprockets-rails (3.2.1) lib/sprockets/rails/quiet_assets.rb:13:in `call'
actionpack (5.1.6) lib/action_dispatch/middleware/remote_ip.rb:79:in `call'
actionpack (5.1.6) lib/action_dispatch/middleware/request_id.rb:25:in `call'
rack (2.0.5) lib/rack/method_override.rb:22:in `call'
rack (2.0.5) lib/rack/runtime.rb:22:in `call'
activesupport (5.1.6) lib/active_support/cache/strategy/local_cache_middleware.rb:27:in `call'
actionpack (5.1.6) lib/action_dispatch/middleware/executor.rb:12:in `call'
actionpack (5.1.6) lib/action_dispatch/middleware/static.rb:125:in `call'
rack (2.0.5) lib/rack/sendfile.rb:111:in `call'
railties (5.1.6) lib/rails/engine.rb:522:in `call'
puma (3.12.0) lib/puma/configuration.rb:225:in `call'
puma (3.12.0) lib/puma/server.rb:658:in `handle_request'
puma (3.12.0) lib/puma/server.rb:472:in `process_client'
puma (3.12.0) lib/puma/server.rb:332:in `block in run'
puma (3.12.0) lib/puma/thread_pool.rb:133:in `block in spawn_thread'
Started GET "/" for 127.0.0.1 at 2018-10-01 16:19:37 +0900
Processing by TopController#index as HTML
  Rendering top/index.html.erb within layouts/application
  Rendered top/index.html.erb within layouts/application (2.7ms)
Completed 200 OK in 74ms (Views: 71.4ms | ActiveRecord: 0.0ms)


Started GET "/" for 127.0.0.1 at 2018-10-01 16:19:37 +0900
Processing by TopController#index as HTML
  Rendering top/index.html.erb within layouts/application
  Rendered top/index.html.erb within layouts/application (1.4ms)
Completed 200 OK in 31ms (Views: 28.1ms | ActiveRecord: 0.0ms)


Started GET "/tweets/new" for 127.0.0.1 at 2018-10-01 16:19:39 +0900
Processing by TweetsController#new as HTML
  Rendering tweets/new.html.erb within layouts/application
  Rendered tweets/_form.html.erb (2.3ms)
  Rendered tweets/new.html.erb within layouts/application (6.9ms)
Completed 200 OK in 34ms (Views: 31.3ms | ActiveRecord: 0.0ms)


Started POST "/tweets/confirm" for 127.0.0.1 at 2018-10-01 16:19:40 +0900
Processing by TweetsController#confirm as HTML
  Parameters: {"utf8"=>"✓", "authenticity_token"=>"vPS4W1soF0ZXgePFnCkTxlqqlydAg/LBaV7u9bZrGSuCyWW8QTEE0fV5ojvkTuXDCLK9uP3XaVKXErKzkpcH3g==", "tweet"=>{"content"=>""}, "commit"=>"Create Tweet"}
  Rendering tweets/new.html.erb within layouts/application
  Rendered tweets/_form.html.erb (3.4ms)
  Rendered tweets/new.html.erb within layouts/application (5.8ms)
Completed 200 OK in 47ms (Views: 45.1ms | ActiveRecord: 0.0ms)


Started GET "/tweets/confirm" for 127.0.0.1 at 2018-10-01 16:20:14 +0900
  
ActionController::RoutingError (No route matches [GET] "/tweets/confirm"):
  
actionpack (5.1.6) lib/action_dispatch/middleware/debug_exceptions.rb:63:in `call'
web-console (3.7.0) lib/web_console/middleware.rb:135:in `call_app'
web-console (3.7.0) lib/web_console/middleware.rb:30:in `block in call'
web-console (3.7.0) lib/web_console/middleware.rb:20:in `catch'
web-console (3.7.0) lib/web_console/middleware.rb:20:in `call'
actionpack (5.1.6) lib/action_dispatch/middleware/show_exceptions.rb:31:in `call'
railties (5.1.6) lib/rails/rack/logger.rb:36:in `call_app'
railties (5.1.6) lib/rails/rack/logger.rb:24:in `block in call'
activesupport (5.1.6) lib/active_support/tagged_logging.rb:69:in `block in tagged'
activesupport (5.1.6) lib/active_support/tagged_logging.rb:26:in `tagged'
activesupport (5.1.6) lib/active_support/tagged_logging.rb:69:in `tagged'
railties (5.1.6) lib/rails/rack/logger.rb:24:in `call'
sprockets-rails (3.2.1) lib/sprockets/rails/quiet_assets.rb:13:in `call'
actionpack (5.1.6) lib/action_dispatch/middleware/remote_ip.rb:79:in `call'
actionpack (5.1.6) lib/action_dispatch/middleware/request_id.rb:25:in `call'
rack (2.0.5) lib/rack/method_override.rb:22:in `call'
rack (2.0.5) lib/rack/runtime.rb:22:in `call'
activesupport (5.1.6) lib/active_support/cache/strategy/local_cache_middleware.rb:27:in `call'
actionpack (5.1.6) lib/action_dispatch/middleware/executor.rb:12:in `call'
actionpack (5.1.6) lib/action_dispatch/middleware/static.rb:125:in `call'
rack (2.0.5) lib/rack/sendfile.rb:111:in `call'
railties (5.1.6) lib/rails/engine.rb:522:in `call'
puma (3.12.0) lib/puma/configuration.rb:225:in `call'
puma (3.12.0) lib/puma/server.rb:658:in `handle_request'
puma (3.12.0) lib/puma/server.rb:472:in `process_client'
puma (3.12.0) lib/puma/server.rb:332:in `block in run'
puma (3.12.0) lib/puma/thread_pool.rb:133:in `block in spawn_thread'
Started GET "/" for 127.0.0.1 at 2018-10-01 16:20:16 +0900
Processing by TopController#index as HTML
  Rendering top/index.html.erb within layouts/application
  Rendered top/index.html.erb within layouts/application (4.1ms)
Completed 200 OK in 47ms (Views: 43.7ms | ActiveRecord: 0.0ms)


Started POST "/tweets/confirm" for 127.0.0.1 at 2018-10-01 16:20:19 +0900
Processing by TweetsController#confirm as HTML
  Parameters: {"utf8"=>"✓", "authenticity_token"=>"WhBUVA/QWtkSBMhdUAnZ9/wmOR3uNk1+bOrtXLsOpKhQX+XFo9rrp0H2pzJ+Y6udYIIuao4psH4Cv5NWpMl1bA==", "tweet"=>{"content"=>""}, "commit"=>"Create Tweet"}
  Rendering tweets/new.html.erb within layouts/application
  Rendered tweets/_form.html.erb (2.0ms)
  Rendered tweets/new.html.erb within layouts/application (4.2ms)
Completed 200 OK in 30ms (Views: 27.6ms | ActiveRecord: 0.0ms)


Started POST "/tweets/confirm" for 127.0.0.1 at 2018-10-01 16:20:37 +0900
Processing by TweetsController#confirm as HTML
  Parameters: {"utf8"=>"✓", "authenticity_token"=>"WhBUVA/QWtkSBMhdUAnZ9/wmOR3uNk1+bOrtXLsOpKhQX+XFo9rrp0H2pzJ+Y6udYIIuao4psH4Cv5NWpMl1bA==", "tweet"=>{"content"=>""}, "commit"=>"Create Tweet"}
  Rendering tweets/new.html.erb within layouts/application
  Rendered tweets/_form.html.erb (3.0ms)
  Rendered tweets/new.html.erb within layouts/application (5.4ms)
Completed 200 OK in 42ms (Views: 39.2ms | ActiveRecord: 0.0ms)


Started GET "/tweets/confirm" for 127.0.0.1 at 2018-10-01 16:23:52 +0900
  
ActionController::RoutingError (No route matches [GET] "/tweets/confirm"):
  
actionpack (5.1.6) lib/action_dispatch/middleware/debug_exceptions.rb:63:in `call'
web-console (3.7.0) lib/web_console/middleware.rb:135:in `call_app'
web-console (3.7.0) lib/web_console/middleware.rb:30:in `block in call'
web-console (3.7.0) lib/web_console/middleware.rb:20:in `catch'
web-console (3.7.0) lib/web_console/middleware.rb:20:in `call'
actionpack (5.1.6) lib/action_dispatch/middleware/show_exceptions.rb:31:in `call'
railties (5.1.6) lib/rails/rack/logger.rb:36:in `call_app'
railties (5.1.6) lib/rails/rack/logger.rb:24:in `block in call'
activesupport (5.1.6) lib/active_support/tagged_logging.rb:69:in `block in tagged'
activesupport (5.1.6) lib/active_support/tagged_logging.rb:26:in `tagged'
activesupport (5.1.6) lib/active_support/tagged_logging.rb:69:in `tagged'
railties (5.1.6) lib/rails/rack/logger.rb:24:in `call'
sprockets-rails (3.2.1) lib/sprockets/rails/quiet_assets.rb:13:in `call'
actionpack (5.1.6) lib/action_dispatch/middleware/remote_ip.rb:79:in `call'
actionpack (5.1.6) lib/action_dispatch/middleware/request_id.rb:25:in `call'
rack (2.0.5) lib/rack/method_override.rb:22:in `call'
rack (2.0.5) lib/rack/runtime.rb:22:in `call'
activesupport (5.1.6) lib/active_support/cache/strategy/local_cache_middleware.rb:27:in `call'
actionpack (5.1.6) lib/action_dispatch/middleware/executor.rb:12:in `call'
actionpack (5.1.6) lib/action_dispatch/middleware/static.rb:125:in `call'
rack (2.0.5) lib/rack/sendfile.rb:111:in `call'
railties (5.1.6) lib/rails/engine.rb:522:in `call'
puma (3.12.0) lib/puma/configuration.rb:225:in `call'
puma (3.12.0) lib/puma/server.rb:658:in `handle_request'
puma (3.12.0) lib/puma/server.rb:472:in `process_client'
puma (3.12.0) lib/puma/server.rb:332:in `block in run'
puma (3.12.0) lib/puma/thread_pool.rb:133:in `block in spawn_thread'
Started GET "/tweets/new" for 127.0.0.1 at 2018-10-01 16:23:56 +0900
Processing by TweetsController#new as HTML
  Rendering tweets/new.html.erb within layouts/application
  Rendered tweets/_form.html.erb (1.5ms)
  Rendered tweets/new.html.erb within layouts/application (5.1ms)
Completed 200 OK in 52ms (Views: 47.8ms | ActiveRecord: 0.0ms)


Started POST "/tweets/confirm" for 127.0.0.1 at 2018-10-01 16:23:57 +0900
Processing by TweetsController#confirm as HTML
  Parameters: {"utf8"=>"✓", "authenticity_token"=>"xT0cUuQBYoXG4aJW/X2JzgMa4o7CgGysG4AmTTY4XI37AMG1/hhxEmQZ46iFGn/LUQLIEX/U9z/lzHoLEsRCeA==", "tweet"=>{"content"=>""}, "commit"=>"Create Tweet"}
  Rendering tweets/new.html.erb within layouts/application
  Rendered tweets/_form.html.erb (1.7ms)
  Rendered tweets/new.html.erb within layouts/application (3.7ms)
Completed 200 OK in 26ms (Views: 23.7ms | ActiveRecord: 0.0ms)


Started POST "/tweets/confirm" for 127.0.0.1 at 2018-10-01 16:24:06 +0900
Processing by TweetsController#confirm as HTML
  Parameters: {"utf8"=>"✓", "authenticity_token"=>"4jBKQs+h5R3vFmGLsfpYvHIQPotzAJU0dLM2pzjxXAzof/vTY6tUY7zkDuSfkCrW7rQp/BMfaDQa5kitJzaNyA==", "tweet"=>{"content"=>""}, "commit"=>"Create Tweet"}
  Rendering tweets/new.html.erb within layouts/application
  Rendered tweets/_form.html.erb (1.6ms)
  Rendered tweets/new.html.erb within layouts/application (3.7ms)
Completed 200 OK in 25ms (Views: 23.0ms | ActiveRecord: 0.0ms)


Started GET "/tweets/confirm" for 127.0.0.1 at 2018-10-01 16:25:55 +0900
  
ActionController::RoutingError (No route matches [GET] "/tweets/confirm"):
  
actionpack (5.1.6) lib/action_dispatch/middleware/debug_exceptions.rb:63:in `call'
web-console (3.7.0) lib/web_console/middleware.rb:135:in `call_app'
web-console (3.7.0) lib/web_console/middleware.rb:30:in `block in call'
web-console (3.7.0) lib/web_console/middleware.rb:20:in `catch'
web-console (3.7.0) lib/web_console/middleware.rb:20:in `call'
actionpack (5.1.6) lib/action_dispatch/middleware/show_exceptions.rb:31:in `call'
railties (5.1.6) lib/rails/rack/logger.rb:36:in `call_app'
railties (5.1.6) lib/rails/rack/logger.rb:24:in `block in call'
activesupport (5.1.6) lib/active_support/tagged_logging.rb:69:in `block in tagged'
activesupport (5.1.6) lib/active_support/tagged_logging.rb:26:in `tagged'
activesupport (5.1.6) lib/active_support/tagged_logging.rb:69:in `tagged'
railties (5.1.6) lib/rails/rack/logger.rb:24:in `call'
sprockets-rails (3.2.1) lib/sprockets/rails/quiet_assets.rb:13:in `call'
actionpack (5.1.6) lib/action_dispatch/middleware/remote_ip.rb:79:in `call'
actionpack (5.1.6) lib/action_dispatch/middleware/request_id.rb:25:in `call'
rack (2.0.5) lib/rack/method_override.rb:22:in `call'
rack (2.0.5) lib/rack/runtime.rb:22:in `call'
activesupport (5.1.6) lib/active_support/cache/strategy/local_cache_middleware.rb:27:in `call'
actionpack (5.1.6) lib/action_dispatch/middleware/executor.rb:12:in `call'
actionpack (5.1.6) lib/action_dispatch/middleware/static.rb:125:in `call'
rack (2.0.5) lib/rack/sendfile.rb:111:in `call'
railties (5.1.6) lib/rails/engine.rb:522:in `call'
puma (3.12.0) lib/puma/configuration.rb:225:in `call'
puma (3.12.0) lib/puma/server.rb:658:in `handle_request'
puma (3.12.0) lib/puma/server.rb:472:in `process_client'
puma (3.12.0) lib/puma/server.rb:332:in `block in run'
puma (3.12.0) lib/puma/thread_pool.rb:133:in `block in spawn_thread'
Started POST "/tweets/confirm" for 127.0.0.1 at 2018-10-01 16:25:58 +0900
Processing by TweetsController#confirm as HTML
  Parameters: {"utf8"=>"✓", "authenticity_token"=>"4jBKQs+h5R3vFmGLsfpYvHIQPotzAJU0dLM2pzjxXAzof/vTY6tUY7zkDuSfkCrW7rQp/BMfaDQa5kitJzaNyA==", "tweet"=>{"content"=>""}, "commit"=>"Create Tweet"}
  Rendering tweets/new.html.erb within layouts/application
  Rendered tweets/_form.html.erb (1.6ms)
  Rendered tweets/new.html.erb within layouts/application (3.4ms)
Completed 200 OK in 42ms (Views: 38.9ms | ActiveRecord: 0.0ms)


Started GET "/tweets/confirm" for 127.0.0.1 at 2018-10-01 16:27:05 +0900
  
ActionController::RoutingError (No route matches [GET] "/tweets/confirm"):
  
actionpack (5.1.6) lib/action_dispatch/middleware/debug_exceptions.rb:63:in `call'
web-console (3.7.0) lib/web_console/middleware.rb:135:in `call_app'
web-console (3.7.0) lib/web_console/middleware.rb:30:in `block in call'
web-console (3.7.0) lib/web_console/middleware.rb:20:in `catch'
web-console (3.7.0) lib/web_console/middleware.rb:20:in `call'
actionpack (5.1.6) lib/action_dispatch/middleware/show_exceptions.rb:31:in `call'
railties (5.1.6) lib/rails/rack/logger.rb:36:in `call_app'
railties (5.1.6) lib/rails/rack/logger.rb:24:in `block in call'
activesupport (5.1.6) lib/active_support/tagged_logging.rb:69:in `block in tagged'
activesupport (5.1.6) lib/active_support/tagged_logging.rb:26:in `tagged'
activesupport (5.1.6) lib/active_support/tagged_logging.rb:69:in `tagged'
railties (5.1.6) lib/rails/rack/logger.rb:24:in `call'
sprockets-rails (3.2.1) lib/sprockets/rails/quiet_assets.rb:13:in `call'
actionpack (5.1.6) lib/action_dispatch/middleware/remote_ip.rb:79:in `call'
actionpack (5.1.6) lib/action_dispatch/middleware/request_id.rb:25:in `call'
rack (2.0.5) lib/rack/method_override.rb:22:in `call'
rack (2.0.5) lib/rack/runtime.rb:22:in `call'
activesupport (5.1.6) lib/active_support/cache/strategy/local_cache_middleware.rb:27:in `call'
actionpack (5.1.6) lib/action_dispatch/middleware/executor.rb:12:in `call'
actionpack (5.1.6) lib/action_dispatch/middleware/static.rb:125:in `call'
rack (2.0.5) lib/rack/sendfile.rb:111:in `call'
railties (5.1.6) lib/rails/engine.rb:522:in `call'
puma (3.12.0) lib/puma/configuration.rb:225:in `call'
puma (3.12.0) lib/puma/server.rb:658:in `handle_request'
puma (3.12.0) lib/puma/server.rb:472:in `process_client'
puma (3.12.0) lib/puma/server.rb:332:in `block in run'
puma (3.12.0) lib/puma/thread_pool.rb:133:in `block in spawn_thread'
Started POST "/tweets/confirm" for 127.0.0.1 at 2018-10-01 16:27:09 +0900
Processing by TweetsController#confirm as HTML
  Parameters: {"utf8"=>"✓", "authenticity_token"=>"4jBKQs+h5R3vFmGLsfpYvHIQPotzAJU0dLM2pzjxXAzof/vTY6tUY7zkDuSfkCrW7rQp/BMfaDQa5kitJzaNyA==", "tweet"=>{"content"=>""}, "commit"=>"Create Tweet"}
  Rendering tweets/new.html.erb within layouts/application
  Rendered tweets/_form.html.erb (1.9ms)
  Rendered tweets/new.html.erb within layouts/application (4.2ms)
Completed 200 OK in 53ms (Views: 51.0ms | ActiveRecord: 0.0ms)


Started GET "/tweets/confirm" for 127.0.0.1 at 2018-10-01 16:27:53 +0900
  
ActionController::RoutingError (No route matches [GET] "/tweets/confirm"):
  
actionpack (5.1.6) lib/action_dispatch/middleware/debug_exceptions.rb:63:in `call'
web-console (3.7.0) lib/web_console/middleware.rb:135:in `call_app'
web-console (3.7.0) lib/web_console/middleware.rb:30:in `block in call'
web-console (3.7.0) lib/web_console/middleware.rb:20:in `catch'
web-console (3.7.0) lib/web_console/middleware.rb:20:in `call'
actionpack (5.1.6) lib/action_dispatch/middleware/show_exceptions.rb:31:in `call'
railties (5.1.6) lib/rails/rack/logger.rb:36:in `call_app'
railties (5.1.6) lib/rails/rack/logger.rb:24:in `block in call'
activesupport (5.1.6) lib/active_support/tagged_logging.rb:69:in `block in tagged'
activesupport (5.1.6) lib/active_support/tagged_logging.rb:26:in `tagged'
activesupport (5.1.6) lib/active_support/tagged_logging.rb:69:in `tagged'
railties (5.1.6) lib/rails/rack/logger.rb:24:in `call'
sprockets-rails (3.2.1) lib/sprockets/rails/quiet_assets.rb:13:in `call'
actionpack (5.1.6) lib/action_dispatch/middleware/remote_ip.rb:79:in `call'
actionpack (5.1.6) lib/action_dispatch/middleware/request_id.rb:25:in `call'
rack (2.0.5) lib/rack/method_override.rb:22:in `call'
rack (2.0.5) lib/rack/runtime.rb:22:in `call'
activesupport (5.1.6) lib/active_support/cache/strategy/local_cache_middleware.rb:27:in `call'
actionpack (5.1.6) lib/action_dispatch/middleware/executor.rb:12:in `call'
actionpack (5.1.6) lib/action_dispatch/middleware/static.rb:125:in `call'
rack (2.0.5) lib/rack/sendfile.rb:111:in `call'
railties (5.1.6) lib/rails/engine.rb:522:in `call'
puma (3.12.0) lib/puma/configuration.rb:225:in `call'
puma (3.12.0) lib/puma/server.rb:658:in `handle_request'
puma (3.12.0) lib/puma/server.rb:472:in `process_client'
puma (3.12.0) lib/puma/server.rb:332:in `block in run'
puma (3.12.0) lib/puma/thread_pool.rb:133:in `block in spawn_thread'
Started GET "/" for 127.0.0.1 at 2018-10-01 16:27:57 +0900
Processing by TopController#index as HTML
  Rendering top/index.html.erb within layouts/application
  Rendered top/index.html.erb within layouts/application (183.4ms)
Completed 200 OK in 270ms (Views: 256.3ms | ActiveRecord: 0.0ms)


Started GET "/" for 127.0.0.1 at 2018-10-01 16:27:57 +0900
Processing by TopController#index as HTML
  Rendering top/index.html.erb within layouts/application
  Rendered top/index.html.erb within layouts/application (3.4ms)
Completed 200 OK in 35ms (Views: 31.7ms | ActiveRecord: 0.0ms)


Started GET "/tweets/new" for 127.0.0.1 at 2018-10-01 16:27:59 +0900
Processing by TweetsController#new as HTML
  Rendering tweets/new.html.erb within layouts/application
  Rendered tweets/_form.html.erb (11.0ms)
  Rendered tweets/new.html.erb within layouts/application (14.2ms)
Completed 200 OK in 69ms (Views: 34.7ms | ActiveRecord: 9.4ms)


Started POST "/tweets/confirm" for 127.0.0.1 at 2018-10-01 16:28:00 +0900
Processing by TweetsController#confirm as HTML
  Parameters: {"utf8"=>"✓", "authenticity_token"=>"boCvhlvnsI8+OUnhqVekO0yNJJDphOcQn4DMeY+nJ6FQvXJhQf6jGJzBCB/RMFI+HpUOD1TQfINhzJA/q1s5VA==", "tweet"=>{"content"=>""}, "commit"=>"Create Tweet"}
  Rendering tweets/new.html.erb within layouts/application
  Rendered tweets/_form.html.erb (1.7ms)
  Rendered tweets/new.html.erb within layouts/application (3.5ms)
Completed 200 OK in 33ms (Views: 28.6ms | ActiveRecord: 0.0ms)


Started POST "/tweets/confirm" for 127.0.0.1 at 2018-10-01 16:28:12 +0900
Processing by TweetsController#confirm as HTML
  Parameters: {"utf8"=>"✓", "authenticity_token"=>"nrHLK+1NNz927Ufm281PVIv9wiImRYS2u/3txgURirWU/nq6QUeGQSUfKIn1pz0+F1nVVUZaebbVqJPMGtZbcQ==", "tweet"=>{"content"=>""}, "commit"=>"Create Tweet"}
  Rendering tweets/new.html.erb within layouts/application
  Rendered tweets/_form.html.erb (2.6ms)
  Rendered tweets/new.html.erb within layouts/application (4.8ms)
Completed 200 OK in 36ms (Views: 33.5ms | ActiveRecord: 0.0ms)


Started POST "/tweets/confirm" for 127.0.0.1 at 2018-10-01 16:29:05 +0900
Processing by TweetsController#confirm as HTML
  Parameters: {"utf8"=>"✓", "authenticity_token"=>"7zqGRegEQIpdr2cgOEQ7DDhhyYcP0wK92Vz0LPSWegTldTfURA7x9A5dCE8WLklmpMXe8G/M/723CYom61GrwA==", "tweet"=>{"content"=>""}, "commit"=>"Create Tweet"}
  Rendering tweets/new.html.erb within layouts/application
  Rendered tweets/_form.html.erb (1.6ms)
  Rendered tweets/new.html.erb within layouts/application (3.5ms)
Completed 200 OK in 37ms (Views: 34.4ms | ActiveRecord: 0.0ms)


Started POST "/tweets/confirm" for 127.0.0.1 at 2018-10-01 16:29:07 +0900
Processing by TweetsController#confirm as HTML
  Parameters: {"utf8"=>"✓", "authenticity_token"=>"9ifkt5kr8oE1a8xmpHCUAKoJdBR0+O5FaeiTpKRlenH8aFUmNSFD/2aZowmKGuZqNq1jYxTnE0UHve2uu6KrtQ==", "tweet"=>{"content"=>""}, "commit"=>"Create Tweet"}
  Rendering tweets/new.html.erb within layouts/application
  Rendered tweets/_form.html.erb (4.0ms)
  Rendered tweets/new.html.erb within layouts/application (8.3ms)
Completed 200 OK in 58ms (Views: 53.7ms | ActiveRecord: 0.0ms)


Started GET "/tweets/confirm" for 127.0.0.1 at 2018-10-01 16:29:36 +0900
  
ActionController::RoutingError (No route matches [GET] "/tweets/confirm"):
  
actionpack (5.1.6) lib/action_dispatch/middleware/debug_exceptions.rb:63:in `call'
web-console (3.7.0) lib/web_console/middleware.rb:135:in `call_app'
web-console (3.7.0) lib/web_console/middleware.rb:30:in `block in call'
web-console (3.7.0) lib/web_console/middleware.rb:20:in `catch'
web-console (3.7.0) lib/web_console/middleware.rb:20:in `call'
actionpack (5.1.6) lib/action_dispatch/middleware/show_exceptions.rb:31:in `call'
railties (5.1.6) lib/rails/rack/logger.rb:36:in `call_app'
railties (5.1.6) lib/rails/rack/logger.rb:24:in `block in call'
activesupport (5.1.6) lib/active_support/tagged_logging.rb:69:in `block in tagged'
activesupport (5.1.6) lib/active_support/tagged_logging.rb:26:in `tagged'
activesupport (5.1.6) lib/active_support/tagged_logging.rb:69:in `tagged'
railties (5.1.6) lib/rails/rack/logger.rb:24:in `call'
sprockets-rails (3.2.1) lib/sprockets/rails/quiet_assets.rb:13:in `call'
actionpack (5.1.6) lib/action_dispatch/middleware/remote_ip.rb:79:in `call'
actionpack (5.1.6) lib/action_dispatch/middleware/request_id.rb:25:in `call'
rack (2.0.5) lib/rack/method_override.rb:22:in `call'
rack (2.0.5) lib/rack/runtime.rb:22:in `call'
activesupport (5.1.6) lib/active_support/cache/strategy/local_cache_middleware.rb:27:in `call'
actionpack (5.1.6) lib/action_dispatch/middleware/executor.rb:12:in `call'
actionpack (5.1.6) lib/action_dispatch/middleware/static.rb:125:in `call'
rack (2.0.5) lib/rack/sendfile.rb:111:in `call'
railties (5.1.6) lib/rails/engine.rb:522:in `call'
puma (3.12.0) lib/puma/configuration.rb:225:in `call'
puma (3.12.0) lib/puma/server.rb:658:in `handle_request'
puma (3.12.0) lib/puma/server.rb:472:in `process_client'
puma (3.12.0) lib/puma/server.rb:332:in `block in run'
puma (3.12.0) lib/puma/thread_pool.rb:133:in `block in spawn_thread'
Started GET "/tweets/" for 127.0.0.1 at 2018-10-01 16:29:43 +0900
Processing by TweetsController#index as HTML
  Rendering tweets/index.html.erb within layouts/application
  Rendered tweets/index.html.erb within layouts/application (5.4ms)
Completed 200 OK in 26ms (Views: 22.0ms | ActiveRecord: 1.5ms)


Started GET "/tweets/new" for 127.0.0.1 at 2018-10-01 16:29:45 +0900
Processing by TweetsController#new as HTML
  Rendering tweets/new.html.erb within layouts/application
  Rendered tweets/_form.html.erb (2.5ms)
  Rendered tweets/new.html.erb within layouts/application (5.5ms)
Completed 200 OK in 42ms (Views: 38.8ms | ActiveRecord: 0.0ms)


Started POST "/tweets/confirm" for 127.0.0.1 at 2018-10-01 16:29:46 +0900
Processing by TweetsController#confirm as HTML
  Parameters: {"utf8"=>"✓", "authenticity_token"=>"8uJcEB8RJwlSrUZ5Uu8DoYU/exvesV8YBiOAzcDzyyfM34H3BQg0nvBVB4cqiPWk1ydRhGPlxIv4b9yL5A/V0g==", "tweet"=>{"content"=>""}, "commit"=>"Create Tweet"}
  Rendering tweets/new.html.erb within layouts/application
  Rendered tweets/_form.html.erb (2.6ms)
  Rendered tweets/new.html.erb within layouts/application (4.4ms)
Completed 200 OK in 26ms (Views: 24.0ms | ActiveRecord: 0.0ms)


Started POST "/tweets/confirm" for 127.0.0.1 at 2018-10-01 16:32:16 +0900
Processing by TweetsController#confirm as HTML
  Parameters: {"utf8"=>"✓", "authenticity_token"=>"LSOLJBOBxDrY0YgkbOGtdC08O1uWK5TAGruVN9G5Tu8nbDq1v4t1RIsj50tCi98esZgsLPY0acB07us9zn6fKw==", "tweet"=>{"content"=>""}, "commit"=>"Create Tweet"}
  Rendering tweets/new.html.erb within layouts/application
  Rendered tweets/_form.html.erb (2.2ms)
  Rendered tweets/new.html.erb within layouts/application (4.7ms)
Completed 200 OK in 63ms (Views: 60.8ms | ActiveRecord: 0.0ms)


Started POST "/tweets/confirm" for 127.0.0.1 at 2018-10-01 16:33:22 +0900
Processing by TweetsController#confirm as HTML
  Parameters: {"utf8"=>"✓", "authenticity_token"=>"TroPkxjructslKUEm1GRWkIrRdcOaQKM6zF7Bt5RYx9E9b4CtOEItT9mymu1O+Mw3o9SoG52/4yFZAUMwZay2w==", "tweet"=>{"content"=>""}, "commit"=>"Create Tweet"}
  Rendering tweets/new.html.erb within layouts/application
  Rendered tweets/_form.html.erb (2.0ms)
  Rendered tweets/new.html.erb within layouts/application (4.1ms)
Completed 200 OK in 51ms (Views: 48.8ms | ActiveRecord: 0.0ms)


